<?xml version="1.0" encoding="UTF-8"?>
<testsuite xmlns:xsi="http://www.w3.org/2001/XMLSchema-instance" xsi:noNamespaceSchemaLocation="https://maven.apache.org/surefire/maven-surefire-plugin/xsd/surefire-test-report-3.0.xsd" version="3.0" name="com.mlb.mlbportal.e2e.UserControllerTest" time="0.223" tests="1" errors="0" skipped="0" failures="0">
  <properties>
[...]
</properties>
  <testcase name="getAllUsersRESTMethodTest" classname="com.mlb.mlbportal.e2e.UserControllerTest" time="0.214">
    <system-out><![CDATA[2025-11-01T20:40:41.867+01:00  INFO 24248 --- [MLBPortal] [           main] t.c.s.AnnotationConfigContextLoaderUtils : Could not detect default configuration classes for test class [com.mlb.mlbportal.e2e.UserControllerTest]: UserControllerTest does not declare any static, non-private, non-final, nested classes annotated with @Configuration.
2025-11-01T20:40:41.869+01:00  INFO 24248 --- [MLBPortal] [           main] .b.t.c.SpringBootTestContextBootstrapper : Found @SpringBootConfiguration com.mlb.mlbportal.MlbPortalApplication for test class com.mlb.mlbportal.e2e.UserControllerTest
]]></system-out>
  </testcase>
</testsuite>