GROUP,PACKAGE,CLASS,INSTRUCTION_MISSED,INSTRUCTION_COVERED,BRANCH_MISSED,BRANCH_COVERED,LINE_MISSED,LINE_COVERED,COMPLEXITY_MISSED,COMPLEXITY_COVERED,METHOD_MISSED,METHOD_COVERED
MLBPortal,com.mlb.mlbportal.controllers,UserController,0,10,0,0,0,4,0,2,0,2
MLBPortal,com.mlb.mlbportal.controllers,InitController,0,25,0,0,0,6,0,2,0,2
MLBPortal,com.mlb.mlbportal.services,UserService,0,10,0,0,0,4,0,2,0,2
MLBPortal,com.mlb.mlbportal.models,UserEntity,90,176,12,16,0,5,13,26,4,21
MLBPortal,com.mlb.mlbportal,MlbPortalApplication,5,3,0,0,2,1,1,1,1,1
